{"timestamp":"2025-08-29T18:15:40.933Z","level":"info","message":"Configuration loaded successfully","requestId":"59577f17-5ce6-4ed2-939b-a0aa053361d9","service":"ConfigManager","environment":"development","configPath":"./config/infrastructure.json"}
{"timestamp":"2025-08-29T18:15:41.034Z","level":"info","message":"Memory event bus initialized","requestId":"3d33e2a9-4092-41ac-a979-90b3c6b8837b","service":"MemoryEventBus","instanceId":"dev-eventbus-001","channels":8}
{"timestamp":"2025-08-29T18:15:41.035Z","level":"info","message":"Event bus initialized","requestId":"288b173f-4974-4d3f-8cec-54c62547404c","service":"InfrastructureManager","eventBusType":"memory","instanceId":"dev-eventbus-001"}
{"timestamp":"2025-08-29T18:15:41.036Z","level":"info","message":"Infrastructure manager initialized successfully","requestId":"0cdd472b-ad14-4f92-b75b-e93c9f6cfa01","service":"InfrastructureManager","componentsCount":1}
{"timestamp":"2025-08-29T18:15:41.036Z","level":"info","message":"Subscribed to memory bus channel","requestId":"ed8b8a5b-a5ed-4e58-9c5c-0e3f91a7edf7","service":"MemoryEventBus","channel":"persistence.player_updates","handlerCount":1}
{"timestamp":"2025-08-29T18:21:21.948Z","level":"info","message":"Configuration loaded successfully","requestId":"04e8b38b-3a68-4a37-adb2-6d8a26cb0b15","service":"ConfigManager","environment":"development","configPath":"./config/infrastructure.json"}
{"timestamp":"2025-08-29T18:21:21.960Z","level":"info","message":"Memory event bus initialized","requestId":"c9b1e3b6-9dc0-484e-bc4e-5f6f079d0928","service":"MemoryEventBus","instanceId":"dev-eventbus-001","channels":8}
{"timestamp":"2025-08-29T18:21:21.960Z","level":"info","message":"Event bus initialized","requestId":"1a4a6d5a-a7d7-4fea-8ce2-ad93bf572436","service":"InfrastructureManager","eventBusType":"memory","instanceId":"dev-eventbus-001"}
{"timestamp":"2025-08-29T18:21:21.961Z","level":"info","message":"Infrastructure manager initialized successfully","requestId":"b114570a-19ce-4c12-b391-d0efdb9f80ec","service":"InfrastructureManager","componentsCount":1}
{"timestamp":"2025-08-29T18:21:21.961Z","level":"info","message":"Subscribed to memory bus channel","requestId":"78d5f8cb-bfaf-4c96-af29-27bba57df4d3","service":"MemoryEventBus","channel":"persistence.player_updates","handlerCount":1}
2025-08-29T18:40:10.228Z [info]: Server started successfully
{"timestamp":"2025-08-29T18:40:10.247Z","level":"info","message":"Configuration loaded successfully","requestId":"0ba0c24b-c590-4f4a-adc2-54f7342beda6","service":"ConfigManager","environment":"development","configPath":"./config/infrastructure.json"}
{"timestamp":"2025-08-29T18:40:10.255Z","level":"info","message":"Memory event bus initialized","requestId":"ae69e07d-e3cd-4c81-8044-834d65514be5","service":"MemoryEventBus","instanceId":"dev-eventbus-001","channels":8}
{"timestamp":"2025-08-29T18:40:10.255Z","level":"info","message":"Event bus initialized","requestId":"f0ce6947-2b44-43be-8d1c-0f694fca6e70","service":"InfrastructureManager","eventBusType":"memory","instanceId":"dev-eventbus-001"}
{"timestamp":"2025-08-29T18:40:10.257Z","level":"info","message":"Infrastructure manager initialized successfully","requestId":"6bd30c14-cb31-4d80-993c-0317f6ae859a","service":"InfrastructureManager","componentsCount":1}
{"timestamp":"2025-08-29T18:40:10.258Z","level":"info","message":"Subscribed to memory bus channel","requestId":"ada0ec9d-0be0-4cca-9260-5ef8949f576b","service":"MemoryEventBus","channel":"persistence.player_updates","handlerCount":1}
{"timestamp":"2025-08-29T18:41:09.267Z","level":"info","message":"Configuration loaded successfully","requestId":"203d9085-b6e9-4f6b-892c-e16ae28a95be","service":"ConfigManager","environment":"development","configPath":"./config/infrastructure.json"}
{"timestamp":"2025-08-29T18:41:09.280Z","level":"info","message":"Memory event bus initialized","requestId":"0a2996d3-8466-474f-b055-cb46b6a01c95","service":"MemoryEventBus","instanceId":"dev-eventbus-001","channels":8}
2025-08-29T18:41:09.310Z [info]: Server started successfully
{"timestamp":"2025-08-29T18:41:09.281Z","level":"info","message":"Event bus initialized","requestId":"32b2b7a5-d49b-4277-9776-f9fde09ae820","service":"InfrastructureManager","eventBusType":"memory","instanceId":"dev-eventbus-001"}
{"timestamp":"2025-08-29T18:41:09.281Z","level":"info","message":"Infrastructure manager initialized successfully","requestId":"63df9887-82e0-4163-a9eb-800ec06a1814","service":"InfrastructureManager","componentsCount":1}
{"timestamp":"2025-08-29T18:41:09.281Z","level":"info","message":"Subscribed to memory bus channel","requestId":"3fad46d4-8b14-40d0-b6aa-63af1c721d5a","service":"MemoryEventBus","channel":"persistence.player_updates","handlerCount":1}
2025-08-29T18:46:04.050Z [info]: Server started successfully
{"timestamp":"2025-08-29T18:46:04.080Z","level":"info","message":"Configuration loaded successfully","requestId":"765d1d83-a600-44df-ae9d-7f7433bc9dfb","service":"ConfigManager","environment":"development","configPath":"./config/infrastructure.json"}
{"timestamp":"2025-08-29T18:46:04.086Z","level":"info","message":"Memory event bus initialized","requestId":"657e4213-56b6-48e1-8d8e-44a81e1dfc78","service":"MemoryEventBus","instanceId":"dev-eventbus-001","channels":8}
{"timestamp":"2025-08-29T18:46:04.087Z","level":"info","message":"Event bus initialized","requestId":"348da446-2310-444d-b0fd-963b0c2aa71b","service":"InfrastructureManager","eventBusType":"memory","instanceId":"dev-eventbus-001"}
{"timestamp":"2025-08-29T18:46:04.087Z","level":"info","message":"Infrastructure manager initialized successfully","requestId":"adc9e6de-e272-4a05-83a5-d84b3309a2e5","service":"InfrastructureManager","componentsCount":1}
{"timestamp":"2025-08-29T18:46:04.088Z","level":"info","message":"Subscribed to memory bus channel","requestId":"da616a8e-5546-4163-a390-f958617acfe0","service":"MemoryEventBus","channel":"persistence.player_updates","handlerCount":1}
2025-08-29T18:47:04.115Z [info]: Server started successfully
{"timestamp":"2025-08-29T18:47:04.143Z","level":"info","message":"Configuration loaded successfully","requestId":"f683bfa7-3681-4f1b-a118-7d4cb761f1cc","service":"ConfigManager","environment":"development","configPath":"./config/infrastructure.json"}
{"timestamp":"2025-08-29T18:47:04.155Z","level":"info","message":"Memory event bus initialized","requestId":"43f7ec5b-257b-4eb9-a718-5a7e5eaaf682","service":"MemoryEventBus","instanceId":"dev-eventbus-001","channels":8}
{"timestamp":"2025-08-29T18:47:04.155Z","level":"info","message":"Event bus initialized","requestId":"5575a785-4722-4ca8-a5fd-7b1ac1b2cf4b","service":"InfrastructureManager","eventBusType":"memory","instanceId":"dev-eventbus-001"}
{"timestamp":"2025-08-29T18:47:04.156Z","level":"info","message":"Infrastructure manager initialized successfully","requestId":"c9d7c4a3-335a-485c-bb9f-d81b289fdde5","service":"InfrastructureManager","componentsCount":1}
{"timestamp":"2025-08-29T18:47:04.156Z","level":"info","message":"Subscribed to memory bus channel","requestId":"c949e694-63f5-4498-a144-6003b213d507","service":"MemoryEventBus","channel":"persistence.player_updates","handlerCount":1}
2025-08-29T18:48:03.966Z [info]: Server started successfully
{"timestamp":"2025-08-29T18:48:03.995Z","level":"info","message":"Configuration loaded successfully","requestId":"bea5afff-e719-439a-a29b-4d5ccc60b747","service":"ConfigManager","environment":"development","configPath":"./config/infrastructure.json"}
{"timestamp":"2025-08-29T18:48:04.002Z","level":"info","message":"Memory event bus initialized","requestId":"ac96cb01-0cf2-4ab8-a5da-dd4f4ad6d6ee","service":"MemoryEventBus","instanceId":"dev-eventbus-001","channels":8}
{"timestamp":"2025-08-29T18:48:04.002Z","level":"info","message":"Event bus initialized","requestId":"fa0c34f8-aa30-4bac-8cfe-ac559895f4b1","service":"InfrastructureManager","eventBusType":"memory","instanceId":"dev-eventbus-001"}
{"timestamp":"2025-08-29T18:48:04.003Z","level":"info","message":"Infrastructure manager initialized successfully","requestId":"57cb9a2a-a117-41bb-84dd-04971b20de0b","service":"InfrastructureManager","componentsCount":1}
{"timestamp":"2025-08-29T18:48:04.003Z","level":"info","message":"Subscribed to memory bus channel","requestId":"1cd1bc8e-ea35-46a0-890b-a46b8d074d7b","service":"MemoryEventBus","channel":"persistence.player_updates","handlerCount":1}
2025-08-29T18:49:04.108Z [info]: Server started successfully
{"timestamp":"2025-08-29T18:49:04.132Z","level":"info","message":"Configuration loaded successfully","requestId":"4d13a52d-1bde-45fe-b5d3-2f9edce3d9cc","service":"ConfigManager","environment":"development","configPath":"./config/infrastructure.json"}
{"timestamp":"2025-08-29T18:49:04.140Z","level":"info","message":"Memory event bus initialized","requestId":"386d04f2-94ea-44fc-8ded-e22c799e99f9","service":"MemoryEventBus","instanceId":"dev-eventbus-001","channels":8}
{"timestamp":"2025-08-29T18:49:04.140Z","level":"info","message":"Event bus initialized","requestId":"41968e3f-d0e6-4ac9-a00f-a118d7097f2d","service":"InfrastructureManager","eventBusType":"memory","instanceId":"dev-eventbus-001"}
{"timestamp":"2025-08-29T18:49:04.141Z","level":"info","message":"Infrastructure manager initialized successfully","requestId":"8039663e-8ee0-4194-bb0d-4710199e1a86","service":"InfrastructureManager","componentsCount":1}
{"timestamp":"2025-08-29T18:49:04.141Z","level":"info","message":"Subscribed to memory bus channel","requestId":"63da4dea-51be-4ffa-865b-9ab2adc11e09","service":"MemoryEventBus","channel":"persistence.player_updates","handlerCount":1}
2025-08-29T18:50:04.118Z [info]: Server started successfully
{"timestamp":"2025-08-29T18:50:04.140Z","level":"info","message":"Configuration loaded successfully","requestId":"10879172-1186-49ea-a3b8-4c145684586c","service":"ConfigManager","environment":"development","configPath":"./config/infrastructure.json"}
{"timestamp":"2025-08-29T18:50:04.148Z","level":"info","message":"Memory event bus initialized","requestId":"5c6c8dc0-d20a-4db9-9646-f67fe88cfd6e","service":"MemoryEventBus","instanceId":"dev-eventbus-001","channels":8}
{"timestamp":"2025-08-29T18:50:04.148Z","level":"info","message":"Event bus initialized","requestId":"41fee3a5-f850-484f-8b05-eb61e8306304","service":"InfrastructureManager","eventBusType":"memory","instanceId":"dev-eventbus-001"}
{"timestamp":"2025-08-29T18:50:04.149Z","level":"info","message":"Infrastructure manager initialized successfully","requestId":"126752a6-e455-4c61-bd55-2329c9bafac3","service":"InfrastructureManager","componentsCount":1}
{"timestamp":"2025-08-29T18:50:04.149Z","level":"info","message":"Subscribed to memory bus channel","requestId":"566e1a0f-d6d0-4bf4-8af3-4ebf96e2781a","service":"MemoryEventBus","channel":"persistence.player_updates","handlerCount":1}
2025-08-29T18:51:04.196Z [info]: Server started successfully
{"timestamp":"2025-08-29T18:51:04.226Z","level":"info","message":"Configuration loaded successfully","requestId":"3bdb8880-034a-4a94-84a0-a73ff00bdbb1","service":"ConfigManager","environment":"development","configPath":"./config/infrastructure.json"}
{"timestamp":"2025-08-29T18:51:04.236Z","level":"info","message":"Memory event bus initialized","requestId":"11770ae9-7356-4a4d-8845-1fd30adb2a62","service":"MemoryEventBus","instanceId":"dev-eventbus-001","channels":8}
{"timestamp":"2025-08-29T18:51:04.237Z","level":"info","message":"Event bus initialized","requestId":"49d90b76-3870-4890-9c66-79f3a6d25479","service":"InfrastructureManager","eventBusType":"memory","instanceId":"dev-eventbus-001"}
{"timestamp":"2025-08-29T18:51:04.237Z","level":"info","message":"Infrastructure manager initialized successfully","requestId":"0fce2d0f-3133-4635-8917-497a79d215e4","service":"InfrastructureManager","componentsCount":1}
{"timestamp":"2025-08-29T18:51:04.238Z","level":"info","message":"Subscribed to memory bus channel","requestId":"a60df8c1-25ce-4e9f-8d42-99c63e3f35b4","service":"MemoryEventBus","channel":"persistence.player_updates","handlerCount":1}
2025-08-29T18:52:04.520Z [info]: Server started successfully
{"timestamp":"2025-08-29T18:52:04.545Z","level":"info","message":"Configuration loaded successfully","requestId":"1067a069-10cb-450f-8a1e-31135d640793","service":"ConfigManager","environment":"development","configPath":"./config/infrastructure.json"}
{"timestamp":"2025-08-29T18:52:04.552Z","level":"info","message":"Memory event bus initialized","requestId":"417f8972-9651-434e-803b-80d059a8faf2","service":"MemoryEventBus","instanceId":"dev-eventbus-001","channels":8}
{"timestamp":"2025-08-29T18:52:04.552Z","level":"info","message":"Event bus initialized","requestId":"0c0ae9bd-dc91-4dfe-816b-cc321b63f9c2","service":"InfrastructureManager","eventBusType":"memory","instanceId":"dev-eventbus-001"}
{"timestamp":"2025-08-29T18:52:04.553Z","level":"info","message":"Infrastructure manager initialized successfully","requestId":"1d1b89bf-8015-4622-a74b-affc8c807e2f","service":"InfrastructureManager","componentsCount":1}
{"timestamp":"2025-08-29T18:52:04.553Z","level":"info","message":"Subscribed to memory bus channel","requestId":"9c9476f4-6c8a-4d14-b335-2794d648a695","service":"MemoryEventBus","channel":"persistence.player_updates","handlerCount":1}
2025-08-29T18:52:13.473Z [info]: Server started successfully
{"timestamp":"2025-08-29T18:52:13.518Z","level":"info","message":"Configuration loaded successfully","requestId":"0c220b69-03a9-48a0-b2fe-96bc228ed3e1","service":"ConfigManager","environment":"development","configPath":"./config/infrastructure.json"}
{"timestamp":"2025-08-29T18:52:13.542Z","level":"info","message":"Memory event bus initialized","requestId":"9bd77726-b8cd-4b29-baf2-5d95fd3b198b","service":"MemoryEventBus","instanceId":"dev-eventbus-001","channels":8}
{"timestamp":"2025-08-29T18:52:13.543Z","level":"info","message":"Event bus initialized","requestId":"6f3c37ec-8027-46d5-b17a-01f55850c4c0","service":"InfrastructureManager","eventBusType":"memory","instanceId":"dev-eventbus-001"}
{"timestamp":"2025-08-29T18:52:13.543Z","level":"info","message":"Infrastructure manager initialized successfully","requestId":"176d2c6e-86d6-447d-972d-555ac8421890","service":"InfrastructureManager","componentsCount":1}
{"timestamp":"2025-08-29T18:52:13.544Z","level":"info","message":"Subscribed to memory bus channel","requestId":"4c0e2f06-4314-4e8b-b265-82f60da5d81e","service":"MemoryEventBus","channel":"persistence.player_updates","handlerCount":1}
2025-08-29T18:53:04.442Z [info]: Server started successfully
{"timestamp":"2025-08-29T18:53:04.469Z","level":"info","message":"Configuration loaded successfully","requestId":"4c9c866c-08e0-48fe-b4f5-1e209e7bce9f","service":"ConfigManager","environment":"development","configPath":"./config/infrastructure.json"}
{"timestamp":"2025-08-29T18:53:04.485Z","level":"info","message":"Memory event bus initialized","requestId":"f7ee5384-e7e1-41d6-94c4-8bb61100232b","service":"MemoryEventBus","instanceId":"dev-eventbus-001","channels":8}
{"timestamp":"2025-08-29T18:53:04.485Z","level":"info","message":"Event bus initialized","requestId":"88a85418-d70d-49e9-8459-65fed639d160","service":"InfrastructureManager","eventBusType":"memory","instanceId":"dev-eventbus-001"}
{"timestamp":"2025-08-29T18:53:04.485Z","level":"info","message":"Infrastructure manager initialized successfully","requestId":"4f43b1c2-a2ad-4b7d-8c15-e1f1ffb5d819","service":"InfrastructureManager","componentsCount":1}
{"timestamp":"2025-08-29T18:53:04.486Z","level":"info","message":"Subscribed to memory bus channel","requestId":"631138b6-9a00-4523-8aed-6eadf005158d","service":"MemoryEventBus","channel":"persistence.player_updates","handlerCount":1}
2025-08-29T18:54:04.204Z [info]: Server started successfully
{"timestamp":"2025-08-29T18:54:04.224Z","level":"info","message":"Configuration loaded successfully","requestId":"40aba5e1-9857-4738-a804-73882e70b073","service":"ConfigManager","environment":"development","configPath":"./config/infrastructure.json"}
{"timestamp":"2025-08-29T18:54:04.230Z","level":"info","message":"Memory event bus initialized","requestId":"552b6e60-e4b8-4668-ba75-212b76b9237f","service":"MemoryEventBus","instanceId":"dev-eventbus-001","channels":8}
{"timestamp":"2025-08-29T18:54:04.231Z","level":"info","message":"Event bus initialized","requestId":"51417fb8-a1d7-41f7-ad1f-8ae5b350f9d8","service":"InfrastructureManager","eventBusType":"memory","instanceId":"dev-eventbus-001"}
{"timestamp":"2025-08-29T18:54:04.231Z","level":"info","message":"Infrastructure manager initialized successfully","requestId":"33e2729b-26ed-458f-a08c-db0ba5733a8c","service":"InfrastructureManager","componentsCount":1}
{"timestamp":"2025-08-29T18:54:04.231Z","level":"info","message":"Subscribed to memory bus channel","requestId":"82ae8798-807e-4d22-953a-2d195367333f","service":"MemoryEventBus","channel":"persistence.player_updates","handlerCount":1}
2025-08-29T18:55:04.194Z [info]: Server started successfully
{"timestamp":"2025-08-29T18:55:04.219Z","level":"info","message":"Configuration loaded successfully","requestId":"7d7200a1-7565-41e5-bef3-dd66787f9164","service":"ConfigManager","environment":"development","configPath":"./config/infrastructure.json"}
{"timestamp":"2025-08-29T18:55:04.224Z","level":"info","message":"Memory event bus initialized","requestId":"758bc854-ed0a-4f15-99f0-c3231f0cdf55","service":"MemoryEventBus","instanceId":"dev-eventbus-001","channels":8}
{"timestamp":"2025-08-29T18:55:04.224Z","level":"info","message":"Event bus initialized","requestId":"abb8eb56-f966-4b3d-a181-90eecdf922ed","service":"InfrastructureManager","eventBusType":"memory","instanceId":"dev-eventbus-001"}
{"timestamp":"2025-08-29T18:55:04.225Z","level":"info","message":"Infrastructure manager initialized successfully","requestId":"82e2f7b8-a3cb-44c2-9df3-ad71b43b5491","service":"InfrastructureManager","componentsCount":1}
{"timestamp":"2025-08-29T18:55:04.225Z","level":"info","message":"Subscribed to memory bus channel","requestId":"722f33ec-f4bd-4f50-85bf-4d554032e633","service":"MemoryEventBus","channel":"persistence.player_updates","handlerCount":1}
2025-08-29T18:56:04.230Z [info]: Server started successfully
{"timestamp":"2025-08-29T18:56:04.286Z","level":"info","message":"Configuration loaded successfully","requestId":"765c9c40-111e-4392-92b6-3ed41f1740b2","service":"ConfigManager","environment":"development","configPath":"./config/infrastructure.json"}
{"timestamp":"2025-08-29T18:56:04.295Z","level":"info","message":"Memory event bus initialized","requestId":"d5459cdb-bc34-43ce-a803-fea60da9d2a3","service":"MemoryEventBus","instanceId":"dev-eventbus-001","channels":8}
{"timestamp":"2025-08-29T18:56:04.295Z","level":"info","message":"Event bus initialized","requestId":"a913dbff-2d63-453d-baa9-9582c2df655a","service":"InfrastructureManager","eventBusType":"memory","instanceId":"dev-eventbus-001"}
{"timestamp":"2025-08-29T18:56:04.295Z","level":"info","message":"Infrastructure manager initialized successfully","requestId":"9f910b95-ae91-4f01-8ed1-04c512ef923e","service":"InfrastructureManager","componentsCount":1}
{"timestamp":"2025-08-29T18:56:04.296Z","level":"info","message":"Subscribed to memory bus channel","requestId":"c0d8d0c5-a62d-455e-9f2b-b9d37ab2c991","service":"MemoryEventBus","channel":"persistence.player_updates","handlerCount":1}
2025-08-29T18:57:04.410Z [info]: Server started successfully
{"timestamp":"2025-08-29T18:57:04.428Z","level":"info","message":"Configuration loaded successfully","requestId":"6f6ecd4d-58ef-412b-acea-5d055614d4fb","service":"ConfigManager","environment":"development","configPath":"./config/infrastructure.json"}
{"timestamp":"2025-08-29T18:57:04.439Z","level":"info","message":"Memory event bus initialized","requestId":"8f83cbc4-92a5-4f98-ae9d-eefba8bbcd4f","service":"MemoryEventBus","instanceId":"dev-eventbus-001","channels":8}
{"timestamp":"2025-08-29T18:57:04.439Z","level":"info","message":"Event bus initialized","requestId":"b9da4e5c-968f-43e1-afc8-1a927b3eeb26","service":"InfrastructureManager","eventBusType":"memory","instanceId":"dev-eventbus-001"}
{"timestamp":"2025-08-29T18:57:04.439Z","level":"info","message":"Infrastructure manager initialized successfully","requestId":"cfac50a7-77d6-413c-908b-64b27efd4d91","service":"InfrastructureManager","componentsCount":1}
{"timestamp":"2025-08-29T18:57:04.440Z","level":"info","message":"Subscribed to memory bus channel","requestId":"48591dde-ab0b-42bd-b80c-04030b618d3c","service":"MemoryEventBus","channel":"persistence.player_updates","handlerCount":1}
2025-08-29T19:05:42.850Z [info]: Server started successfully
{"timestamp":"2025-08-29T19:05:42.872Z","level":"info","message":"Configuration loaded successfully","requestId":"ef9acde6-675d-4264-9f8f-cddf9006f53c","service":"ConfigManager","environment":"development","configPath":"./config/infrastructure.json"}
{"timestamp":"2025-08-29T19:05:42.878Z","level":"info","message":"Memory event bus initialized","requestId":"6882d590-c23e-4017-9c6e-38d95376ff91","service":"MemoryEventBus","instanceId":"dev-eventbus-001","channels":8}
{"timestamp":"2025-08-29T19:05:42.878Z","level":"info","message":"Event bus initialized","requestId":"1993887d-fab9-4ef8-a712-8408fad853a1","service":"InfrastructureManager","eventBusType":"memory","instanceId":"dev-eventbus-001"}
{"timestamp":"2025-08-29T19:05:42.879Z","level":"info","message":"Infrastructure manager initialized successfully","requestId":"c18b9830-abbc-4820-9627-13a9f148f15a","service":"InfrastructureManager","componentsCount":1}
{"timestamp":"2025-08-29T19:05:42.879Z","level":"info","message":"Subscribed to memory bus channel","requestId":"007fa298-7a91-4e32-a4a5-42ff43f0daf4","service":"MemoryEventBus","channel":"persistence.player_updates","handlerCount":1}
2025-08-29T19:18:04.219Z [info]: Server started successfully
{"timestamp":"2025-08-29T19:18:04.233Z","level":"info","message":"Configuration loaded successfully","requestId":"ff6647d8-c287-45c4-b676-0138d62e6b6a","service":"ConfigManager","environment":"development","configPath":"./config/infrastructure.json"}
{"timestamp":"2025-08-29T19:18:04.241Z","level":"info","message":"Memory event bus initialized","requestId":"6d857778-b5e8-4f57-9d11-6851b3cb09dc","service":"MemoryEventBus","instanceId":"dev-eventbus-001","channels":8}
{"timestamp":"2025-08-29T19:18:04.241Z","level":"info","message":"Event bus initialized","requestId":"380d1ab1-6d2e-4dfd-8e60-b77cfa1645ec","service":"InfrastructureManager","eventBusType":"memory","instanceId":"dev-eventbus-001"}
{"timestamp":"2025-08-29T19:18:04.242Z","level":"info","message":"Infrastructure manager initialized successfully","requestId":"11331f36-280b-4647-b856-e6c29ecb155b","service":"InfrastructureManager","componentsCount":1}
{"timestamp":"2025-08-29T19:18:04.242Z","level":"info","message":"Subscribed to memory bus channel","requestId":"448e7490-3215-456b-bc4a-c1b9b39221bc","service":"MemoryEventBus","channel":"persistence.player_updates","handlerCount":1}
{"timestamp":"2025-08-29T19:19:19.105Z","level":"info","message":"Configuration loaded successfully","requestId":"b2bfcd88-8dc8-4489-b11d-5abb4fe2774d","service":"ConfigManager","environment":"development","configPath":"./config/infrastructure.json"}
2025-08-29T19:19:19.150Z [info]: Server started successfully
{"timestamp":"2025-08-29T19:19:19.152Z","level":"info","message":"Memory event bus initialized","requestId":"92d9c959-b150-4a2b-b64d-3515cfb1a384","service":"MemoryEventBus","instanceId":"dev-eventbus-001","channels":8}
{"timestamp":"2025-08-29T19:19:19.152Z","level":"info","message":"Event bus initialized","requestId":"b48a3ab1-d6c0-49a0-bd9c-3b7955483dc6","service":"InfrastructureManager","eventBusType":"memory","instanceId":"dev-eventbus-001"}
{"timestamp":"2025-08-29T19:19:19.152Z","level":"info","message":"Infrastructure manager initialized successfully","requestId":"ac2bebce-09d0-483d-a53c-5c9b1b2ddd36","service":"InfrastructureManager","componentsCount":1}
{"timestamp":"2025-08-29T19:19:19.153Z","level":"info","message":"Subscribed to memory bus channel","requestId":"fa22fbe4-83ae-4160-ac93-38d6a3f60456","service":"MemoryEventBus","channel":"persistence.player_updates","handlerCount":1}
2025-08-29T19:22:04.406Z [info]: Server started successfully
{"timestamp":"2025-08-29T19:22:04.452Z","level":"info","message":"Configuration loaded successfully","requestId":"232479d3-9b12-484a-ab7a-2327cdadd86c","service":"ConfigManager","environment":"development","configPath":"./config/infrastructure.json"}
{"timestamp":"2025-08-29T19:22:04.461Z","level":"info","message":"Memory event bus initialized","requestId":"e800a3ba-b65f-4773-930f-734734b33544","service":"MemoryEventBus","instanceId":"dev-eventbus-001","channels":8}
{"timestamp":"2025-08-29T19:22:04.462Z","level":"info","message":"Event bus initialized","requestId":"952b964b-b878-49d8-bfc6-8c684bb142d4","service":"InfrastructureManager","eventBusType":"memory","instanceId":"dev-eventbus-001"}
{"timestamp":"2025-08-29T19:22:04.462Z","level":"info","message":"Infrastructure manager initialized successfully","requestId":"05cbec64-ca00-4c5a-a5f9-6c8abaa38aec","service":"InfrastructureManager","componentsCount":1}
{"timestamp":"2025-08-29T19:22:04.463Z","level":"info","message":"Subscribed to memory bus channel","requestId":"c693ccff-1043-4c00-b580-93dd846f0130","service":"MemoryEventBus","channel":"persistence.player_updates","handlerCount":1}
2025-08-29T19:22:32.304Z [info]: Server started successfully
{"timestamp":"2025-08-29T19:22:32.326Z","level":"info","message":"Configuration loaded successfully","requestId":"0cacef22-5d3c-4fe8-9112-69000c8aa1f0","service":"ConfigManager","environment":"development","configPath":"./config/infrastructure.json"}
{"timestamp":"2025-08-29T19:22:32.333Z","level":"info","message":"Memory event bus initialized","requestId":"9518dd06-9ca0-4a59-b7f4-39772a5af0e3","service":"MemoryEventBus","instanceId":"dev-eventbus-001","channels":8}
{"timestamp":"2025-08-29T19:22:32.334Z","level":"info","message":"Event bus initialized","requestId":"066301c3-4720-4d56-b334-bbff980d756d","service":"InfrastructureManager","eventBusType":"memory","instanceId":"dev-eventbus-001"}
{"timestamp":"2025-08-29T19:22:32.334Z","level":"info","message":"Infrastructure manager initialized successfully","requestId":"9ef2b454-fcb4-4fba-b4e1-7fcd3fde6785","service":"InfrastructureManager","componentsCount":1}
{"timestamp":"2025-08-29T19:22:32.335Z","level":"info","message":"Subscribed to memory bus channel","requestId":"09dd3bb2-e598-4ad0-a062-a3c25b252268","service":"MemoryEventBus","channel":"persistence.player_updates","handlerCount":1}
2025-08-29T19:23:05.177Z [info]: Server started successfully
{"timestamp":"2025-08-29T19:23:05.224Z","level":"info","message":"Configuration loaded successfully","requestId":"8bf4b583-c977-4a0e-9ee3-6a6f7bf7602c","service":"ConfigManager","environment":"development","configPath":"./config/infrastructure.json"}
{"timestamp":"2025-08-29T19:23:05.248Z","level":"info","message":"Memory event bus initialized","requestId":"10480448-889e-42a9-897e-8b80114530a2","service":"MemoryEventBus","instanceId":"dev-eventbus-001","channels":8}
{"timestamp":"2025-08-29T19:23:05.249Z","level":"info","message":"Event bus initialized","requestId":"5e8c8c76-1360-4e9d-8979-429be1928be4","service":"InfrastructureManager","eventBusType":"memory","instanceId":"dev-eventbus-001"}
{"timestamp":"2025-08-29T19:23:05.249Z","level":"info","message":"Infrastructure manager initialized successfully","requestId":"b07ca302-469b-4d70-bc08-bc599395f5b8","service":"InfrastructureManager","componentsCount":1}
{"timestamp":"2025-08-29T19:23:05.250Z","level":"info","message":"Subscribed to memory bus channel","requestId":"e671207f-7ddb-4f05-9018-6cec9429ae59","service":"MemoryEventBus","channel":"persistence.player_updates","handlerCount":1}
2025-08-29T19:23:06.971Z [info]: Server started successfully
{"timestamp":"2025-08-29T19:23:07.001Z","level":"info","message":"Configuration loaded successfully","requestId":"81143289-873d-41f7-a817-85ebdb47f9cf","service":"ConfigManager","environment":"development","configPath":"./config/infrastructure.json"}
{"timestamp":"2025-08-29T19:23:07.008Z","level":"info","message":"Memory event bus initialized","requestId":"881c7461-8ed2-4162-811f-a8e71d487d15","service":"MemoryEventBus","instanceId":"dev-eventbus-001","channels":8}
{"timestamp":"2025-08-29T19:23:07.008Z","level":"info","message":"Event bus initialized","requestId":"0b6140ba-f7d9-4536-9a93-5910d2b791db","service":"InfrastructureManager","eventBusType":"memory","instanceId":"dev-eventbus-001"}
{"timestamp":"2025-08-29T19:23:07.009Z","level":"info","message":"Infrastructure manager initialized successfully","requestId":"7ae54341-cbf6-4c44-95f8-5c380c35b784","service":"InfrastructureManager","componentsCount":1}
{"timestamp":"2025-08-29T19:23:07.009Z","level":"info","message":"Subscribed to memory bus channel","requestId":"fd0a4d36-9cc3-45fa-8a72-92b552362b17","service":"MemoryEventBus","channel":"persistence.player_updates","handlerCount":1}
2025-08-29T19:23:59.783Z [info]: Server started successfully
{"timestamp":"2025-08-29T19:23:59.813Z","level":"info","message":"Configuration loaded successfully","requestId":"44b1b7ad-fd7b-405c-8df6-6aae700cf472","service":"ConfigManager","environment":"development","configPath":"./config/infrastructure.json"}
{"timestamp":"2025-08-29T19:23:59.819Z","level":"info","message":"Memory event bus initialized","requestId":"89bd6315-1adc-4cbd-8d06-edb9a2a7c6ea","service":"MemoryEventBus","instanceId":"dev-eventbus-001","channels":8}
{"timestamp":"2025-08-29T19:23:59.820Z","level":"info","message":"Event bus initialized","requestId":"893af71f-1ce0-4f0a-b1a7-991f5a5bad6b","service":"InfrastructureManager","eventBusType":"memory","instanceId":"dev-eventbus-001"}
{"timestamp":"2025-08-29T19:23:59.820Z","level":"info","message":"Infrastructure manager initialized successfully","requestId":"73909b8c-7fce-436e-b657-c5abbac4b2e3","service":"InfrastructureManager","componentsCount":1}
{"timestamp":"2025-08-29T19:23:59.821Z","level":"info","message":"Subscribed to memory bus channel","requestId":"d976c225-a10e-466a-a4a3-5de4e39d2798","service":"MemoryEventBus","channel":"persistence.player_updates","handlerCount":1}
{"timestamp":"2025-08-29T20:16:03.932Z","level":"info","message":"Configuration loaded successfully","requestId":"3c2f2887-e8c5-490a-8fd3-8389a54c9f55","service":"ConfigManager","environment":"development","configPath":"./config/infrastructure.json"}
2025-08-29T20:16:04.013Z [info]: Server started successfully
{"timestamp":"2025-08-29T20:16:03.944Z","level":"info","message":"Memory event bus initialized","requestId":"2236435c-6560-4711-b2e4-7fb10d2e90b7","service":"MemoryEventBus","instanceId":"dev-eventbus-001","channels":8}
{"timestamp":"2025-08-29T20:16:03.944Z","level":"info","message":"Event bus initialized","requestId":"7a0b9a13-3566-420b-8e95-b5d17e09036f","service":"InfrastructureManager","eventBusType":"memory","instanceId":"dev-eventbus-001"}
{"timestamp":"2025-08-29T20:16:03.944Z","level":"info","message":"Infrastructure manager initialized successfully","requestId":"b2a7cff6-dfbc-46db-96e3-cebf7bf0775e","service":"InfrastructureManager","componentsCount":1}
{"timestamp":"2025-08-29T20:16:03.945Z","level":"info","message":"Subscribed to memory bus channel","requestId":"e9c9a5cc-d7b8-417d-a30e-713bc4865933","service":"MemoryEventBus","channel":"persistence.player_updates","handlerCount":1}
2025-08-29T20:17:03.655Z [info]: Server started successfully
{"timestamp":"2025-08-29T20:17:03.688Z","level":"info","message":"Configuration loaded successfully","requestId":"73ff89d7-bc0a-4ab0-a2da-7b44ac76ed72","service":"ConfigManager","environment":"development","configPath":"./config/infrastructure.json"}
{"timestamp":"2025-08-29T20:17:03.694Z","level":"info","message":"Memory event bus initialized","requestId":"2b972126-4d9c-40fa-a8b3-c78af3a51589","service":"MemoryEventBus","instanceId":"dev-eventbus-001","channels":8}
{"timestamp":"2025-08-29T20:17:03.695Z","level":"info","message":"Event bus initialized","requestId":"b1f48c1f-b258-4a1f-9e2b-026c8c1e7807","service":"InfrastructureManager","eventBusType":"memory","instanceId":"dev-eventbus-001"}
{"timestamp":"2025-08-29T20:17:03.695Z","level":"info","message":"Infrastructure manager initialized successfully","requestId":"d2b73b1f-e0e8-4913-ae33-0dfab3c9fd57","service":"InfrastructureManager","componentsCount":1}
{"timestamp":"2025-08-29T20:17:03.695Z","level":"info","message":"Subscribed to memory bus channel","requestId":"e14e2011-a74b-4406-9fb4-c901d7663783","service":"MemoryEventBus","channel":"persistence.player_updates","handlerCount":1}
2025-08-29T20:17:24.409Z [info]: Server started successfully
{"timestamp":"2025-08-29T20:17:24.428Z","level":"info","message":"Configuration loaded successfully","requestId":"f94b5cc6-4a62-4b3d-9ad7-2c83817cb192","service":"ConfigManager","environment":"development","configPath":"./config/infrastructure.json"}
{"timestamp":"2025-08-29T20:17:24.434Z","level":"info","message":"Memory event bus initialized","requestId":"c3225941-4463-42dd-90f3-aeb7e25a5046","service":"MemoryEventBus","instanceId":"dev-eventbus-001","channels":8}
{"timestamp":"2025-08-29T20:17:24.434Z","level":"info","message":"Event bus initialized","requestId":"565935e8-d0e5-442a-bcc7-ef1756e37d32","service":"InfrastructureManager","eventBusType":"memory","instanceId":"dev-eventbus-001"}
{"timestamp":"2025-08-29T20:17:24.435Z","level":"info","message":"Infrastructure manager initialized successfully","requestId":"5790ed89-b163-42fc-ab15-981f2237b2b1","service":"InfrastructureManager","componentsCount":1}
{"timestamp":"2025-08-29T20:17:24.435Z","level":"info","message":"Subscribed to memory bus channel","requestId":"55bf0a3e-0dfa-40b6-8d95-42816229d03e","service":"MemoryEventBus","channel":"persistence.player_updates","handlerCount":1}
2025-08-29T20:22:05.083Z [info]: Server started successfully
{"timestamp":"2025-08-29T20:22:05.099Z","level":"info","message":"Configuration loaded successfully","requestId":"0ef523f9-ec9c-48e0-9ca9-785e8b8c15fe","service":"ConfigManager","environment":"development","configPath":"./config/infrastructure.json"}
{"timestamp":"2025-08-29T20:22:05.116Z","level":"info","message":"Memory event bus initialized","requestId":"6372c75b-b627-4028-b2dc-b99ee698b139","service":"MemoryEventBus","instanceId":"dev-eventbus-001","channels":8}
{"timestamp":"2025-08-29T20:22:05.116Z","level":"info","message":"Event bus initialized","requestId":"afe04cd0-9bd5-41d6-93b3-15eb96264fd6","service":"InfrastructureManager","eventBusType":"memory","instanceId":"dev-eventbus-001"}
{"timestamp":"2025-08-29T20:22:05.117Z","level":"info","message":"Infrastructure manager initialized successfully","requestId":"abf208d6-55b8-45f4-ad14-106bf8be02bd","service":"InfrastructureManager","componentsCount":1}
{"timestamp":"2025-08-29T20:22:05.117Z","level":"info","message":"Subscribed to memory bus channel","requestId":"f897ed32-7083-468d-ba37-7eb432be1ee7","service":"MemoryEventBus","channel":"persistence.player_updates","handlerCount":1}
2025-08-29T20:22:06.375Z [info]: Server started successfully
{"timestamp":"2025-08-29T20:22:06.384Z","level":"info","message":"Configuration loaded successfully","requestId":"ddd31859-a164-4bad-bb12-5478074e0132","service":"ConfigManager","environment":"development","configPath":"./config/infrastructure.json"}
{"timestamp":"2025-08-29T20:22:06.390Z","level":"info","message":"Memory event bus initialized","requestId":"588af39f-12b0-4a29-8d8d-9bd60b89ce18","service":"MemoryEventBus","instanceId":"dev-eventbus-001","channels":8}
{"timestamp":"2025-08-29T20:22:06.390Z","level":"info","message":"Event bus initialized","requestId":"e073453f-4e28-4ef0-b2cb-7da99319539d","service":"InfrastructureManager","eventBusType":"memory","instanceId":"dev-eventbus-001"}
{"timestamp":"2025-08-29T20:22:06.391Z","level":"info","message":"Infrastructure manager initialized successfully","requestId":"e10e5440-7b86-4050-b658-e5bc681c4ffd","service":"InfrastructureManager","componentsCount":1}
{"timestamp":"2025-08-29T20:22:06.391Z","level":"info","message":"Subscribed to memory bus channel","requestId":"92b13eb7-bea0-4606-835d-16cb2e2aa6ea","service":"MemoryEventBus","channel":"persistence.player_updates","handlerCount":1}
2025-08-30T01:45:21.028Z [info]: Server started successfully
{"timestamp":"2025-08-30T01:45:21.089Z","level":"info","message":"Configuration loaded successfully","requestId":"bbfb5d7e-fb13-44e4-bd18-762bc7053196","service":"ConfigManager","environment":"development","configPath":"./config/infrastructure.json"}
{"timestamp":"2025-08-30T01:45:21.814Z","level":"info","message":"Memory event bus initialized","requestId":"3995d774-0da0-47ec-82fe-f1ee2bc92b90","service":"MemoryEventBus","instanceId":"dev-eventbus-001","channels":8}
{"timestamp":"2025-08-30T01:45:21.814Z","level":"info","message":"Event bus initialized","requestId":"6079a382-8889-4d5a-b18e-ec9445f2de03","service":"InfrastructureManager","eventBusType":"memory","instanceId":"dev-eventbus-001"}
{"timestamp":"2025-08-30T01:45:21.815Z","level":"info","message":"Infrastructure manager initialized successfully","requestId":"e1d4bb50-5ddb-482c-a7f6-07a3e2496e86","service":"InfrastructureManager","componentsCount":1}
{"timestamp":"2025-08-30T01:45:21.815Z","level":"info","message":"Subscribed to memory bus channel","requestId":"d9b6cd5c-5002-4135-9d1d-575aafc2525b","service":"MemoryEventBus","channel":"persistence.player_updates","handlerCount":1}
2025-08-30T01:46:47.913Z [info]: Server started successfully
{"timestamp":"2025-08-30T01:46:47.927Z","level":"info","message":"Configuration loaded successfully","requestId":"fd7df6b8-89a3-41dc-9baf-c79109635a5b","service":"ConfigManager","environment":"development","configPath":"./config/infrastructure.json"}
{"timestamp":"2025-08-30T01:46:47.933Z","level":"info","message":"Memory event bus initialized","requestId":"1fd7176a-512c-4b04-b419-f451f34bbb4d","service":"MemoryEventBus","instanceId":"dev-eventbus-001","channels":8}
{"timestamp":"2025-08-30T01:46:47.934Z","level":"info","message":"Event bus initialized","requestId":"8852cf2b-a3c4-451b-99a3-59d931bd9923","service":"InfrastructureManager","eventBusType":"memory","instanceId":"dev-eventbus-001"}
{"timestamp":"2025-08-30T01:46:47.934Z","level":"info","message":"Infrastructure manager initialized successfully","requestId":"0fcffb1a-613b-4dc1-943b-a14e09a57042","service":"InfrastructureManager","componentsCount":1}
{"timestamp":"2025-08-30T01:46:47.935Z","level":"info","message":"Subscribed to memory bus channel","requestId":"c44ec9f1-3cb6-48b5-a78a-dd54880e2486","service":"MemoryEventBus","channel":"persistence.player_updates","handlerCount":1}
{"timestamp":"2025-08-30T01:57:08.778Z","level":"info","message":"Configuration loaded successfully","requestId":"092c93ea-a13b-4d9c-9115-98483e249867","service":"ConfigManager","environment":"development","configPath":"./config/infrastructure.json"}
2025-08-30T01:57:08.831Z [info]: Server started successfully
{"timestamp":"2025-08-30T01:57:08.838Z","level":"info","message":"Memory event bus initialized","requestId":"b7d875c7-cef3-43aa-a9c5-7dde7d4da424","service":"MemoryEventBus","instanceId":"dev-eventbus-001","channels":8}
{"timestamp":"2025-08-30T01:57:08.839Z","level":"info","message":"Event bus initialized","requestId":"2c2932f4-eb1a-4b22-9012-cd26d2aec818","service":"InfrastructureManager","eventBusType":"memory","instanceId":"dev-eventbus-001"}
{"timestamp":"2025-08-30T01:57:08.839Z","level":"info","message":"Infrastructure manager initialized successfully","requestId":"ba1885aa-4f27-47e5-a3ba-b146f95caeaa","service":"InfrastructureManager","componentsCount":1}
{"timestamp":"2025-08-30T01:57:08.840Z","level":"info","message":"Subscribed to memory bus channel","requestId":"72efb170-4663-474f-aeda-9ab62b0678c7","service":"MemoryEventBus","channel":"persistence.player_updates","handlerCount":1}
2025-08-30T01:59:51.059Z [info]: Server started successfully
{"timestamp":"2025-08-30T01:59:51.088Z","level":"info","message":"Configuration loaded successfully","requestId":"66fa62c1-f611-4e47-8082-40bf05977cb7","service":"ConfigManager","environment":"development","configPath":"./config/infrastructure.json"}
{"timestamp":"2025-08-30T01:59:51.094Z","level":"info","message":"Memory event bus initialized","requestId":"3e1a8abd-f9a9-4ef5-a2d3-7fabd5c03ebb","service":"MemoryEventBus","instanceId":"dev-eventbus-001","channels":8}
{"timestamp":"2025-08-30T01:59:51.094Z","level":"info","message":"Event bus initialized","requestId":"60de15b8-ee92-4f62-aa28-d6e987162912","service":"InfrastructureManager","eventBusType":"memory","instanceId":"dev-eventbus-001"}
{"timestamp":"2025-08-30T01:59:51.095Z","level":"info","message":"Infrastructure manager initialized successfully","requestId":"78fb6b93-0ca0-49ed-b5d4-4de32b537d99","service":"InfrastructureManager","componentsCount":1}
{"timestamp":"2025-08-30T01:59:51.098Z","level":"info","message":"Subscribed to memory bus channel","requestId":"9d28c4f0-2200-48b3-a3de-8306a124f5df","service":"MemoryEventBus","channel":"persistence.player_updates","handlerCount":1}
2025-08-30T07:40:27.242Z [info]: Server started successfully
{"timestamp":"2025-08-30T07:40:27.248Z","level":"info","message":"Configuration loaded successfully","requestId":"e51acf0a-6ac2-4c40-b335-966fe93634e7","service":"ConfigManager","environment":"development","configPath":"./config/infrastructure.json"}
{"timestamp":"2025-08-30T07:40:28.401Z","level":"info","message":"Memory event bus initialized","requestId":"cc1d2c32-3ebe-489c-b7f0-11443357a738","service":"MemoryEventBus","instanceId":"dev-eventbus-001","channels":8}
{"timestamp":"2025-08-30T07:40:28.401Z","level":"info","message":"Event bus initialized","requestId":"567a0e9d-0992-463d-bc59-bfcdc156c19b","service":"InfrastructureManager","eventBusType":"memory","instanceId":"dev-eventbus-001"}
{"timestamp":"2025-08-30T07:40:28.402Z","level":"info","message":"Infrastructure manager initialized successfully","requestId":"ac93c8a4-8461-4114-b0d5-6210473eda17","service":"InfrastructureManager","componentsCount":1}
{"timestamp":"2025-08-30T07:40:28.402Z","level":"info","message":"Subscribed to memory bus channel","requestId":"a69fdc0e-d948-4427-bff4-d769c177fa92","service":"MemoryEventBus","channel":"persistence.player_updates","handlerCount":1}
